C:\USERS\PHILIP\DESKTOP\CSE 380\RPG\STRAIGHTLINE_GWANFRIED_MAY13\TEMP\TINYXML\DEBUG\TINYSTR.OBJ
C:\USERS\PHILIP\DESKTOP\CSE 380\RPG\STRAIGHTLINE_GWANFRIED_MAY13\TEMP\TINYXML\DEBUG\TINYXML.OBJ
C:\USERS\PHILIP\DESKTOP\CSE 380\RPG\STRAIGHTLINE_GWANFRIED_MAY13\TEMP\TINYXML\DEBUG\TINYXMLERROR.OBJ
C:\USERS\PHILIP\DESKTOP\CSE 380\RPG\STRAIGHTLINE_GWANFRIED_MAY13\TEMP\TINYXML\DEBUG\TINYXMLPARSER.OBJ
C:\USERS\PHILIP\DESKTOP\CSE 380\RPG\STRAIGHTLINE_GWANFRIED_MAY13\TEMP\TINYXML\DEBUG\XMLTEST.OBJ
C:\USERS\PHILIP\DESKTOP\CSE 380\RPG\STRAIGHTLINE_GWANFRIED_MAY13\TEMP\TINYXML\DEBUG\STDAFX.OBJ
C:\USERS\PHILIP\DESKTOP\CSE 380\RPG\STRAIGHTLINE_GWANFRIED_MAY13\TEMP\TINYXML\DEBUG\VC110.PDB
C:\USERS\PHILIP\DESKTOP\CSE 380\RPG\STRAIGHTLINE_GWANFRIED_MAY13\COMMON\TINYXML.LIB
C:\Users\Philip\Desktop\cse 380\RPG\straightline_gwanfried_may13\Temp\tinyxml\Debug\stdafx.obj
C:\Users\Philip\Desktop\cse 380\RPG\straightline_gwanfried_may13\Temp\tinyxml\Debug\tinystr.obj
C:\Users\Philip\Desktop\cse 380\RPG\straightline_gwanfried_may13\Temp\tinyxml\Debug\tinyxml.obj
C:\Users\Philip\Desktop\cse 380\RPG\straightline_gwanfried_may13\Temp\tinyxml\Debug\tinyxmlerror.obj
C:\Users\Philip\Desktop\cse 380\RPG\straightline_gwanfried_may13\Temp\tinyxml\Debug\tinyxmlparser.obj
C:\Users\Philip\Desktop\cse 380\RPG\straightline_gwanfried_may13\Temp\tinyxml\Debug\xmltest.obj
C:\Users\Philip\Desktop\cse 380\RPG\straightline_gwanfried_may13\Temp\tinyxml\Debug\cl.command.1.tlog
C:\Users\Philip\Desktop\cse 380\RPG\straightline_gwanfried_may13\Temp\tinyxml\Debug\CL.read.1.tlog
C:\Users\Philip\Desktop\cse 380\RPG\straightline_gwanfried_may13\Temp\tinyxml\Debug\CL.write.1.tlog
C:\Users\Philip\Desktop\cse 380\RPG\straightline_gwanfried_may13\Temp\tinyxml\Debug\Lib-link.read.1.tlog
C:\Users\Philip\Desktop\cse 380\RPG\straightline_gwanfried_may13\Temp\tinyxml\Debug\Lib-link.write.1.tlog
C:\Users\Philip\Desktop\cse 380\RPG\straightline_gwanfried_may13\Temp\tinyxml\Debug\lib.command.1.tlog
C:\Users\Philip\Desktop\cse 380\RPG\straightline_gwanfried_may13\Temp\tinyxml\Debug\vc110.idb
C:\Users\Philip\Desktop\cse 380\RPG\straightline_gwanfried_may13\Temp\tinyxml\Debug\vc110.pdb
C:\Users\Philip\Desktop\cse 380\RPG\straightline_gwanfried_may13\Common\tinyxml.lib
