C:\USERS\PHILIP\DESKTOP\CSE 380\RPG\STRAIGHTLINE_GWANFRIED_MAY13\TEMP\STRAIGHTLINERPG\DEBUG\CONTACT.OBJ
C:\USERS\PHILIP\DESKTOP\CSE 380\RPG\STRAIGHTLINE_GWANFRIED_MAY13\TEMP\STRAIGHTLINERPG\DEBUG\STRAIGHTLINERPG.OBJ
C:\USERS\PHILIP\DESKTOP\CSE 380\RPG\STRAIGHTLINE_GWANFRIED_MAY13\TEMP\STRAIGHTLINERPG\DEBUG\STRAIGHTLINERPGBUTTONEVENTHANDLER.OBJ
C:\USERS\PHILIP\DESKTOP\CSE 380\RPG\STRAIGHTLINE_GWANFRIED_MAY13\TEMP\STRAIGHTLINERPG\DEBUG\STRAIGHTLINERPGDATALOADER.OBJ
C:\USERS\PHILIP\DESKTOP\CSE 380\RPG\STRAIGHTLINE_GWANFRIED_MAY13\TEMP\STRAIGHTLINERPG\DEBUG\STRAIGHTLINERPGKEYEVENTHANDLER.OBJ
C:\USERS\PHILIP\DESKTOP\CSE 380\RPG\STRAIGHTLINE_GWANFRIED_MAY13\TEMP\STRAIGHTLINERPG\DEBUG\STRAIGHTLINERPGTEXTGENERATOR.OBJ
C:\USERS\PHILIP\DESKTOP\CSE 380\RPG\STRAIGHTLINE_GWANFRIED_MAY13\TEMP\STRAIGHTLINERPG\DEBUG\STDAFX.OBJ
C:\USERS\PHILIP\DESKTOP\CSE 380\RPG\STRAIGHTLINE_GWANFRIED_MAY13\TEMP\STRAIGHTLINERPG\DEBUG\VC110.PDB
C:\USERS\PHILIP\DESKTOP\CSE 380\RPG\STRAIGHTLINE_GWANFRIED_MAY13\APPS\STRAIGHTLINERPG\STRAIGHTLINERPG.ILK
C:\USERS\PHILIP\DESKTOP\CSE 380\RPG\STRAIGHTLINE_GWANFRIED_MAY13\APPS\STRAIGHTLINERPG\STRAIGHTLINERPG.EXE
C:\USERS\PHILIP\DESKTOP\CSE 380\RPG\STRAIGHTLINE_GWANFRIED_MAY13\APPS\STRAIGHTLINERPG\STRAIGHTLINERPG.PDB
C:\Users\Philip\Desktop\cse 380\RPG\straightline_gwanfried_may13\Temp\StraightLineRPG\Debug\Contact.obj
C:\Users\Philip\Desktop\cse 380\RPG\straightline_gwanfried_may13\Temp\StraightLineRPG\Debug\stdafx.obj
C:\Users\Philip\Desktop\cse 380\RPG\straightline_gwanfried_may13\Temp\StraightLineRPG\Debug\StraightLineRPG.obj
C:\Users\Philip\Desktop\cse 380\RPG\straightline_gwanfried_may13\Temp\StraightLineRPG\Debug\StraightLineRPGButtonEventHandler.obj
C:\Users\Philip\Desktop\cse 380\RPG\straightline_gwanfried_may13\Temp\StraightLineRPG\Debug\StraightLineRPGDataLoader.obj
C:\Users\Philip\Desktop\cse 380\RPG\straightline_gwanfried_may13\Temp\StraightLineRPG\Debug\StraightLineRPGKeyEventHandler.obj
C:\Users\Philip\Desktop\cse 380\RPG\straightline_gwanfried_may13\Temp\StraightLineRPG\Debug\StraightLineRPGTextGenerator.obj
C:\Users\Philip\Desktop\cse 380\RPG\straightline_gwanfried_may13\Temp\StraightLineRPG\Debug\cl.command.1.tlog
C:\Users\Philip\Desktop\cse 380\RPG\straightline_gwanfried_may13\Temp\StraightLineRPG\Debug\CL.read.1.tlog
C:\Users\Philip\Desktop\cse 380\RPG\straightline_gwanfried_may13\Temp\StraightLineRPG\Debug\CL.write.1.tlog
C:\Users\Philip\Desktop\cse 380\RPG\straightline_gwanfried_may13\Temp\StraightLineRPG\Debug\link-cvtres.read.1.tlog
C:\Users\Philip\Desktop\cse 380\RPG\straightline_gwanfried_may13\Temp\StraightLineRPG\Debug\link-cvtres.write.1.tlog
C:\Users\Philip\Desktop\cse 380\RPG\straightline_gwanfried_may13\Temp\StraightLineRPG\Debug\link-rc.read.1.tlog
C:\Users\Philip\Desktop\cse 380\RPG\straightline_gwanfried_may13\Temp\StraightLineRPG\Debug\link-rc.write.1.tlog
C:\Users\Philip\Desktop\cse 380\RPG\straightline_gwanfried_may13\Temp\StraightLineRPG\Debug\link.command.1.tlog
C:\Users\Philip\Desktop\cse 380\RPG\straightline_gwanfried_may13\Temp\StraightLineRPG\Debug\link.read.1.tlog
C:\Users\Philip\Desktop\cse 380\RPG\straightline_gwanfried_may13\Temp\StraightLineRPG\Debug\link.write.1.tlog
C:\Users\Philip\Desktop\cse 380\RPG\straightline_gwanfried_may13\Temp\StraightLineRPG\Debug\vc110.idb
C:\Users\Philip\Desktop\cse 380\RPG\straightline_gwanfried_may13\Temp\StraightLineRPG\Debug\vc110.pdb
C:\Users\Philip\Desktop\cse 380\RPG\straightline_gwanfried_may13\Apps\StraightLineRPG\StraightLineRPG.pdb
C:\Users\Philip\Desktop\cse 380\RPG\straightline_gwanfried_may13\Apps\StraightLineRPG\StraightLineRPG.exe
C:\Users\Philip\Desktop\cse 380\RPG\straightline_gwanfried_may13\Apps\StraightLineRPG\StraightLineRPG.ilk
